<?xml version="1.0" encoding="UTF-8"?>
<testsuite xmlns:xsi="http://www.w3.org/2001/XMLSchema-instance" xsi:noNamespaceSchemaLocation="https://maven.apache.org/surefire/maven-surefire-plugin/xsd/surefire-test-report-3.0.xsd" version="3.0" name="crux.CompilerStageTests" time="0.371" tests="50" errors="0" skipped="0" failures="0">
  <properties>
[...]
</properties>
  <testcase name="parseTree" classname="crux.CompilerStageTests" time="0.074"/>
  <testcase name="parseTree" classname="crux.CompilerStageTests" time="0.004"/>
  <testcase name="parseTree" classname="crux.CompilerStageTests" time="0.003"/>
  <testcase name="parseTree" classname="crux.CompilerStageTests" time="0.003"/>
  <testcase name="parseTree" classname="crux.CompilerStageTests" time="0.007"/>
  <testcase name="parseTree" classname="crux.CompilerStageTests" time="0.006"/>
  <testcase name="parseTree" classname="crux.CompilerStageTests" time="0.003"/>
  <testcase name="parseTree" classname="crux.CompilerStageTests" time="0.003"/>
  <testcase name="parseTree" classname="crux.CompilerStageTests" time="0.004"/>
  <testcase name="parseTree" classname="crux.CompilerStageTests" time="0.004"/>
  <testcase name="parseTree" classname="crux.CompilerStageTests" time="0.004"/>
  <testcase name="parseTree" classname="crux.CompilerStageTests" time="0.007"/>
  <testcase name="parseTree" classname="crux.CompilerStageTests" time="0.003"/>
  <testcase name="parseTree" classname="crux.CompilerStageTests" time="0.002"/>
  <testcase name="parseTree" classname="crux.CompilerStageTests" time="0.002"/>
  <testcase name="parseTree" classname="crux.CompilerStageTests" time="0.002"/>
  <testcase name="parseTree" classname="crux.CompilerStageTests" time="0.009"/>
  <testcase name="parseTree" classname="crux.CompilerStageTests" time="0.004"/>
  <testcase name="parseTree" classname="crux.CompilerStageTests" time="0.005"/>
  <testcase name="parseTree" classname="crux.CompilerStageTests" time="0.003"/>
  <testcase name="parseTree" classname="crux.CompilerStageTests" time="0.002"/>
  <testcase name="parseTree" classname="crux.CompilerStageTests" time="0.002"/>
  <testcase name="parseTree" classname="crux.CompilerStageTests" time="0.002"/>
  <testcase name="parseTree" classname="crux.CompilerStageTests" time="0.003"/>
  <testcase name="parseTree" classname="crux.CompilerStageTests" time="0.003"/>
  <testcase name="parseTree" classname="crux.CompilerStageTests" time="0.003"/>
  <testcase name="parseTree" classname="crux.CompilerStageTests" time="0.003"/>
  <testcase name="parseTree" classname="crux.CompilerStageTests" time="0.003"/>
  <testcase name="parseTree" classname="crux.CompilerStageTests" time="0.003"/>
  <testcase name="parseTree" classname="crux.CompilerStageTests" time="0.003"/>
  <testcase name="parseTree" classname="crux.CompilerStageTests" time="0.003"/>
  <testcase name="parseTree" classname="crux.CompilerStageTests" time="0.003"/>
  <testcase name="parseTree" classname="crux.CompilerStageTests" time="0.002"/>
  <testcase name="parseTree" classname="crux.CompilerStageTests" time="0.004"/>
  <testcase name="parseTree" classname="crux.CompilerStageTests" time="0.003"/>
  <testcase name="parseTree" classname="crux.CompilerStageTests" time="0.003"/>
  <testcase name="parseTree" classname="crux.CompilerStageTests" time="0.003"/>
  <testcase name="parseTree" classname="crux.CompilerStageTests" time="0.007"/>
  <testcase name="parseTree" classname="crux.CompilerStageTests" time="0.006"/>
  <testcase name="parseTree" classname="crux.CompilerStageTests" time="0.006"/>
  <testcase name="parseTree" classname="crux.CompilerStageTests" time="0.007"/>
  <testcase name="parseTree" classname="crux.CompilerStageTests" time="0.003"/>
  <testcase name="parseTree" classname="crux.CompilerStageTests" time="0.007"/>
  <testcase name="parseTree" classname="crux.CompilerStageTests" time="0.006"/>
  <testcase name="parseTree" classname="crux.CompilerStageTests" time="0.004"/>
  <testcase name="parseTree" classname="crux.CompilerStageTests" time="0.005"/>
  <testcase name="parseTree" classname="crux.CompilerStageTests" time="0.009"/>
  <testcase name="parseTree" classname="crux.CompilerStageTests" time="0.004"/>
  <testcase name="parseTree" classname="crux.CompilerStageTests" time="0.008"/>
  <testcase name="parseTree" classname="crux.CompilerStageTests" time="0.011"/>
</testsuite>